<?xml version="1.0" encoding="UTF-8"?>
<!-- Generated by org.testng.reporters.JUnitXMLReporter -->
<testsuite hostname="Divya-Gupta" ignored="0" name="Default test" tests="2" failures="0" timestamp="27 Feb 2017 06:03:10 GMT" time="3.252" errors="0">
  <testcase name="testPostAccountSetting" time="0.881" classname="com.div.restApiAutomation.TestTwitterPostApi"/>
  <testcase name="testPostAccountSetting" time="0.154" classname="com.div.restApiAutomation.TestTwitterPostApi"/>
</testsuite> <!-- Default test -->
