<?xml version="1.0" encoding="UTF-8"?>
<!-- Generated by org.testng.reporters.JUnitXMLReporter -->
<testsuite hostname="Divya-Gupta" ignored="0" name="Test" tests="3" failures="0" timestamp="27 Feb 2017 06:37:47 GMT" time="1.614" errors="0">
  <testcase name="testGetAccountSetting" time="0.691" classname="com.div.restApiAutomation.TestTwitterGetApi"/>
  <testcase name="testPostAccountSetting" time="0.17" classname="com.div.restApiAutomation.TestTwitterPostApi"/>
  <testcase name="testPostAccountSetting" time="0.172" classname="com.div.restApiAutomation.TestTwitterPostApi"/>
</testsuite> <!-- Test -->
