<?xml version="1.0" encoding="UTF-8"?>
<!-- Generated by org.testng.reporters.JUnitXMLReporter -->
<testsuite hostname="Divya-Gupta" ignored="0" name="Test" tests="3" failures="0" timestamp="27 Feb 2017 06:30:06 GMT" time="1.925" errors="0">
  <testcase name="testGetAccountSetting" time="0.744" classname="com.div.restApiAutomation.TestTwitterGetApi"/>
  <testcase name="testPostAccountSetting" time="0.305" classname="com.div.restApiAutomation.TestTwitterPostApi"/>
  <testcase name="testPostAccountSetting" time="0.236" classname="com.div.restApiAutomation.TestTwitterPostApi"/>
</testsuite> <!-- Test -->
