<?xml version="1.0" encoding="UTF-8"?>
<!-- Generated by org.testng.reporters.JUnitXMLReporter -->
<testsuite hostname="Divya-Gupta" ignored="0" name="Test" tests="3" failures="0" timestamp="25 Feb 2017 08:55:20 GMT" time="2.924" errors="0">
  <testcase name="testGetAccountSetting" time="1.222" classname="com.div.restApiAutomation.TestTwitterGetApi"/>
  <testcase name="testPostAccountSetting" time="0.244" classname="com.div.restApiAutomation.TestTwitterPostApi"/>
  <testcase name="testPostAccountSetting" time="0.218" classname="com.div.restApiAutomation.TestTwitterPostApi"/>
</testsuite> <!-- Test -->
