<?xml version="1.0" encoding="UTF-8"?>
<testng-results skipped="0" failed="0" ignored="0" total="3" passed="3">
  <reporter-output>
  </reporter-output>
  <suite name="Suite" duration-ms="1614" started-at="2017-02-27T06:37:46Z" finished-at="2017-02-27T06:37:47Z">
    <groups>
    </groups>
    <test name="Test" duration-ms="1614" started-at="2017-02-27T06:37:46Z" finished-at="2017-02-27T06:37:47Z">
      <class name="com.div.restApiAutomation.TestTwitterPostApi">
        <test-method status="PASS" signature="testPostAccountSetting(java.lang.String, java.lang.String, java.lang.String, java.lang.String, java.lang.String)[pri:0, instance:com.div.restApiAutomation.TestTwitterPostApi@33b37288]" name="testPostAccountSetting" duration-ms="170" started-at="2017-02-26T22:37:47Z" data-provider="postData" finished-at="2017-02-26T22:37:47Z">
          <params>
            <param index="0">
              <value>
                <![CDATA[account/update_profile.json]]>
              </value>
            </param>
            <param index="1">
              <value>
                <![CDATA[Rohit]]>
              </value>
            </param>
            <param index="2">
              <value>
                <![CDATA[dublin]]>
              </value>
            </param>
            <param index="3">
              <value>
                <![CDATA[Rohit]]>
              </value>
            </param>
            <param index="4">
              <value>
                <![CDATA[dublin]]>
              </value>
            </param>
          </params>
          <reporter-output>
          </reporter-output>
        </test-method> <!-- testPostAccountSetting -->
        <test-method status="PASS" signature="testPostAccountSetting(java.lang.String, java.lang.String, java.lang.String, java.lang.String, java.lang.String)[pri:0, instance:com.div.restApiAutomation.TestTwitterPostApi@33b37288]" name="testPostAccountSetting" duration-ms="172" started-at="2017-02-26T22:37:47Z" data-provider="postData" finished-at="2017-02-26T22:37:47Z">
          <params>
            <param index="0">
              <value>
                <![CDATA[account/update_profile.json]]>
              </value>
            </param>
            <param index="1">
              <value>
                <![CDATA[Divya]]>
              </value>
            </param>
            <param index="2">
              <value>
                <![CDATA[Fremont]]>
              </value>
            </param>
            <param index="3">
              <value>
                <![CDATA[Divya]]>
              </value>
            </param>
            <param index="4">
              <value>
                <![CDATA[Fremont]]>
              </value>
            </param>
          </params>
          <reporter-output>
          </reporter-output>
        </test-method> <!-- testPostAccountSetting -->
      </class> <!-- com.div.restApiAutomation.TestTwitterPostApi -->
      <class name="com.div.restApiAutomation.TestTwitterGetApi">
        <test-method status="PASS" signature="testGetAccountSetting()[pri:0, instance:com.div.restApiAutomation.TestTwitterGetApi@40f08448]" name="testGetAccountSetting" duration-ms="691" started-at="2017-02-26T22:37:46Z" finished-at="2017-02-26T22:37:46Z">
          <reporter-output>
          </reporter-output>
        </test-method> <!-- testGetAccountSetting -->
      </class> <!-- com.div.restApiAutomation.TestTwitterGetApi -->
    </test> <!-- Test -->
  </suite> <!-- Suite -->
</testng-results>
